<?xml version="1.0" encoding="UTF-8"?>
<testng-results ignored="0" total="5" passed="4" failed="1" skipped="0">
  <reporter-output>
  </reporter-output>
  <suite started-at="2023-02-22T22:31:49 IST" name="Suite" finished-at="2023-02-22T22:32:27 IST" duration-ms="38104">
    <groups>
      <group name="ErrorHandling">
        <method signature="ErrorValidationtest.loginErrorValidation()[pri:0, instance:ravikumaracademy.tests.ErrorValidationtest@821330f]" name="loginErrorValidation" class="ravikumaracademy.tests.ErrorValidationtest"/>
        <method signature="ErrorValidationtest.productErrorValidation()[pri:0, instance:ravikumaracademy.tests.ErrorValidationtest@821330f]" name="productErrorValidation" class="ravikumaracademy.tests.ErrorValidationtest"/>
      </group> <!-- ErrorHandling -->
      <group name="purchase">
        <method signature="SubmitOrder2.submitOrder(java.util.HashMap)[pri:0, instance:ravikumaracademy.tests.SubmitOrder2@7ae0a9ec]" name="submitOrder" class="ravikumaracademy.tests.SubmitOrder2"/>
      </group> <!-- purchase -->
    </groups>
    <test started-at="2023-02-22T22:31:49 IST" name="Erro Validation test" finished-at="2023-02-22T22:32:24 IST" duration-ms="34675">
      <class name="ravikumaracademy.tests.ErrorValidationtest">
        <test-method is-config="true" signature="launchApplication()[pri:0, instance:ravikumaracademy.tests.ErrorValidationtest@821330f]" started-at="2023-02-22T22:31:49 IST" name="launchApplication" finished-at="2023-02-22T22:31:55 IST" duration-ms="5671" status="PASS">
          <reporter-output>
          </reporter-output>
        </test-method> <!-- launchApplication -->
        <test-method signature="loginErrorValidation()[pri:0, instance:ravikumaracademy.tests.ErrorValidationtest@821330f]" started-at="2023-02-22T22:31:55 IST" name="loginErrorValidation" finished-at="2023-02-22T22:31:56 IST" duration-ms="944" status="PASS">
          <reporter-output>
          </reporter-output>
        </test-method> <!-- loginErrorValidation -->
        <test-method is-config="true" signature="tearDown()[pri:0, instance:ravikumaracademy.tests.ErrorValidationtest@821330f]" started-at="2023-02-22T22:31:56 IST" name="tearDown" finished-at="2023-02-22T22:31:56 IST" duration-ms="67" status="PASS">
          <reporter-output>
          </reporter-output>
        </test-method> <!-- tearDown -->
        <test-method is-config="true" signature="launchApplication()[pri:0, instance:ravikumaracademy.tests.ErrorValidationtest@821330f]" started-at="2023-02-22T22:31:56 IST" name="launchApplication" finished-at="2023-02-22T22:31:57 IST" duration-ms="1383" status="PASS">
          <reporter-output>
          </reporter-output>
        </test-method> <!-- launchApplication -->
        <test-method signature="productErrorValidation()[pri:0, instance:ravikumaracademy.tests.ErrorValidationtest@821330f]" started-at="2023-02-22T22:31:57 IST" name="productErrorValidation" finished-at="2023-02-22T22:32:23 IST" duration-ms="26277" status="FAIL">
          <exception class="java.lang.AssertionError">
            <message>
              <![CDATA[expected [true] but found [false]]]>
            </message>
            <full-stacktrace>
              <![CDATA[java.lang.AssertionError: expected [true] but found [false]
at org.testng.Assert.fail(Assert.java:110)
at org.testng.Assert.failNotEquals(Assert.java:1577)
at org.testng.Assert.assertTrue(Assert.java:56)
at org.testng.Assert.assertTrue(Assert.java:66)
at ravikumaracademy.tests.ErrorValidationtest.productErrorValidation(ErrorValidationtest.java:33)
at java.base/jdk.internal.reflect.NativeMethodAccessorImpl.invoke0(Native Method)
at java.base/jdk.internal.reflect.NativeMethodAccessorImpl.invoke(NativeMethodAccessorImpl.java:77)
at java.base/jdk.internal.reflect.DelegatingMethodAccessorImpl.invoke(DelegatingMethodAccessorImpl.java:43)
at java.base/java.lang.reflect.Method.invoke(Method.java:568)
at org.testng.internal.invokers.MethodInvocationHelper.invokeMethod(MethodInvocationHelper.java:139)
at org.testng.internal.invokers.TestInvoker.invokeMethod(TestInvoker.java:677)
at org.testng.internal.invokers.TestInvoker.invokeTestMethod(TestInvoker.java:221)
at org.testng.internal.invokers.MethodRunner.runInSequence(MethodRunner.java:50)
at org.testng.internal.invokers.TestInvoker$MethodInvocationAgent.invoke(TestInvoker.java:969)
at org.testng.internal.invokers.TestInvoker.invokeTestMethods(TestInvoker.java:194)
at org.testng.internal.invokers.TestMethodWorker.invokeTestMethods(TestMethodWorker.java:148)
at org.testng.internal.invokers.TestMethodWorker.run(TestMethodWorker.java:128)
at java.base/java.util.ArrayList.forEach(ArrayList.java:1511)
at org.testng.TestRunner.privateRun(TestRunner.java:829)
at org.testng.TestRunner.run(TestRunner.java:602)
at org.testng.SuiteRunner.runTest(SuiteRunner.java:437)
at org.testng.SuiteRunner$SuiteWorker.run(SuiteRunner.java:475)
at org.testng.internal.thread.ThreadUtil.lambda$execute$0(ThreadUtil.java:58)
at java.base/java.util.concurrent.FutureTask.run(FutureTask.java:264)
at java.base/java.util.concurrent.ThreadPoolExecutor.runWorker(ThreadPoolExecutor.java:1136)
at java.base/java.util.concurrent.ThreadPoolExecutor$Worker.run(ThreadPoolExecutor.java:635)
at java.base/java.lang.Thread.run(Thread.java:833)
]]>
            </full-stacktrace>
          </exception> <!-- java.lang.AssertionError -->
          <reporter-output>
          </reporter-output>
        </test-method> <!-- productErrorValidation -->
        <test-method is-config="true" signature="tearDown()[pri:0, instance:ravikumaracademy.tests.ErrorValidationtest@821330f]" started-at="2023-02-22T22:32:24 IST" name="tearDown" finished-at="2023-02-22T22:32:24 IST" duration-ms="89" status="PASS">
          <reporter-output>
          </reporter-output>
        </test-method> <!-- tearDown -->
      </class> <!-- ravikumaracademy.tests.ErrorValidationtest -->
    </test> <!-- Erro Validation test -->
    <test started-at="2023-02-22T22:31:49 IST" name="Submit Order" finished-at="2023-02-22T22:32:27 IST" duration-ms="38104">
      <class name="ravikumaracademy.tests.SubmitOrder2">
        <test-method is-config="true" signature="launchApplication()[pri:0, instance:ravikumaracademy.tests.SubmitOrder2@7ae0a9ec]" started-at="2023-02-22T22:31:49 IST" name="launchApplication" finished-at="2023-02-22T22:31:54 IST" duration-ms="4700" status="PASS">
          <reporter-output>
          </reporter-output>
        </test-method> <!-- launchApplication -->
        <test-method signature="submitOrder(java.util.HashMap)[pri:0, instance:ravikumaracademy.tests.SubmitOrder2@7ae0a9ec]" started-at="2023-02-22T22:31:54 IST" name="submitOrder" data-provider="getData" finished-at="2023-02-22T22:32:01 IST" duration-ms="7501" status="PASS">
          <params>
            <param index="0">
              <value>
                <![CDATA[{password=Ravi@5694, product=ZARA COAT 3, email=cravi.ravikumar1@gmail.com}]]>
              </value>
            </param>
          </params>
          <reporter-output>
          </reporter-output>
        </test-method> <!-- submitOrder -->
        <test-method is-config="true" signature="tearDown()[pri:0, instance:ravikumaracademy.tests.SubmitOrder2@7ae0a9ec]" started-at="2023-02-22T22:32:01 IST" name="tearDown" finished-at="2023-02-22T22:32:01 IST" duration-ms="69" status="PASS">
          <reporter-output>
          </reporter-output>
        </test-method> <!-- tearDown -->
        <test-method is-config="true" signature="launchApplication()[pri:0, instance:ravikumaracademy.tests.SubmitOrder2@7ae0a9ec]" started-at="2023-02-22T22:32:01 IST" name="launchApplication" finished-at="2023-02-22T22:32:04 IST" duration-ms="2378" status="PASS">
          <reporter-output>
          </reporter-output>
        </test-method> <!-- launchApplication -->
        <test-method signature="submitOrder(java.util.HashMap)[pri:0, instance:ravikumaracademy.tests.SubmitOrder2@7ae0a9ec]" started-at="2023-02-22T22:32:04 IST" name="submitOrder" data-provider="getData" finished-at="2023-02-22T22:32:24 IST" duration-ms="20205" status="PASS">
          <params>
            <param index="0">
              <value>
                <![CDATA[{password=Iamking@000, product=ADIDAS ORIGINAL, email=anshika@gmail.com}]]>
              </value>
            </param>
          </params>
          <reporter-output>
          </reporter-output>
        </test-method> <!-- submitOrder -->
        <test-method is-config="true" signature="tearDown()[pri:0, instance:ravikumaracademy.tests.SubmitOrder2@7ae0a9ec]" started-at="2023-02-22T22:32:24 IST" name="tearDown" finished-at="2023-02-22T22:32:24 IST" duration-ms="95" status="PASS">
          <reporter-output>
          </reporter-output>
        </test-method> <!-- tearDown -->
        <test-method is-config="true" signature="launchApplication()[pri:0, instance:ravikumaracademy.tests.SubmitOrder2@7ae0a9ec]" started-at="2023-02-22T22:32:24 IST" name="launchApplication" finished-at="2023-02-22T22:32:27 IST" duration-ms="2589" status="PASS">
          <reporter-output>
          </reporter-output>
        </test-method> <!-- launchApplication -->
        <test-method signature="orderHistoryPage()[pri:0, instance:ravikumaracademy.tests.SubmitOrder2@7ae0a9ec]" started-at="2023-02-22T22:32:27 IST" name="orderHistoryPage" finished-at="2023-02-22T22:32:27 IST" depends-on-methods="ravikumaracademy.tests.SubmitOrder2.submitOrder" duration-ms="471" status="PASS">
          <reporter-output>
          </reporter-output>
        </test-method> <!-- orderHistoryPage -->
        <test-method is-config="true" signature="tearDown()[pri:0, instance:ravikumaracademy.tests.SubmitOrder2@7ae0a9ec]" started-at="2023-02-22T22:32:27 IST" name="tearDown" finished-at="2023-02-22T22:32:27 IST" duration-ms="56" status="PASS">
          <reporter-output>
          </reporter-output>
        </test-method> <!-- tearDown -->
      </class> <!-- ravikumaracademy.tests.SubmitOrder2 -->
    </test> <!-- Submit Order -->
  </suite> <!-- Suite -->
</testng-results>
